\BOOKMARK [1][-]{section.1}{\376\377\000E\000i\000n\000l\000e\000i\000t\000u\000n\000g}{}% 1
\BOOKMARK [1][-]{section.2}{\376\377\000T\000h\000e\000o\000r\000i\000e}{}% 2
\BOOKMARK [2][-]{subsection.2.1}{\376\377\000W\000e\000c\000h\000s\000e\000l\000w\000i\000r\000k\000u\000n\000g\000\040\000v\000o\000n\000\040\000-\000S\000t\000r\000a\000h\000l\000u\000n\000g\000\040\000m\000i\000t\000\040\000M\000a\000t\000e\000r\000i\000e}{section.2}% 3
\BOOKMARK [3][-]{subsubsection.2.1.1}{\376\377\000P\000h\000o\000t\000o\000e\000f\000f\000e\000k\000t}{subsection.2.1}% 4
\BOOKMARK [3][-]{subsubsection.2.1.2}{\376\377\000C\000o\000m\000p\000t\000o\000n\000e\000f\000f\000e\000k\000t}{subsection.2.1}% 5
\BOOKMARK [3][-]{subsubsection.2.1.3}{\376\377\000P\000a\000a\000r\000b\000i\000l\000d\000u\000n\000g}{subsection.2.1}% 6
\BOOKMARK [2][-]{subsection.2.2}{\376\377\000D\000e\000t\000e\000k\000t\000o\000r\000e\000n}{section.2}% 7
\BOOKMARK [3][-]{subsubsection.2.2.1}{\376\377\000H\000a\000l\000b\000l\000e\000i\000t\000e\000r\000d\000e\000t\000e\000k\000t\000o\000r}{subsection.2.2}% 8
\BOOKMARK [3][-]{subsubsection.2.2.2}{\376\377\000S\000z\000i\000n\000t\000i\000l\000l\000a\000t\000i\000o\000n\000s\000d\000e\000t\000e\000k\000t\000o\000r}{subsection.2.2}% 9
\BOOKMARK [2][-]{subsection.2.3}{\376\377\000M\000e\000t\000h\000o\000d\000e\000n\000\040\000u\000n\000d\000\040\000A\000u\000f\000b\000a\000u}{section.2}% 10
\BOOKMARK [2][-]{subsection.2.4}{\376\377\000-\000S\000p\000e\000k\000t\000r\000u\000m}{section.2}% 11
\BOOKMARK [1][-]{section.3}{\376\377\000A\000u\000s\000w\000e\000r\000t\000u\000n\000g}{}% 12
\BOOKMARK [2][-]{subsection.3.1}{\376\377\000K\000a\000l\000i\000b\000r\000a\000t\000i\000o\000n}{section.3}% 13
\BOOKMARK [2][-]{subsection.3.2}{\376\377\000U\000n\000s\000i\000c\000h\000e\000r\000h\000e\000i\000t\000e\000n}{section.3}% 14
\BOOKMARK [2][-]{subsection.3.3}{\376\377\000-\000S\000p\000e\000k\000t\000r\000e\000n}{section.3}% 15
\BOOKMARK [3][-]{subsubsection.3.3.1}{\376\377\0002\0002\000N\000a\000\040\000S\000z\000i\000n\000t\000i\000l\000l\000a\000t\000o\000r}{subsection.3.3}% 16
\BOOKMARK [3][-]{subsubsection.3.3.2}{\376\377\0006\0000\000C\000o\000\040\000S\000z\000i\000n\000t\000i\000l\000l\000a\000t\000o\000r}{subsection.3.3}% 17
\BOOKMARK [3][-]{subsubsection.3.3.3}{\376\377\0001\0003\0007\000C\000s\000\040\000S\000z\000i\000n\000t\000i\000l\000l\000a\000t\000o\000r}{subsection.3.3}% 18
\BOOKMARK [3][-]{subsubsection.3.3.4}{\376\377\000M\000i\000s\000c\000h\000q\000u\000e\000l\000l\000e\000\040\000S\000z\000i\000n\000t\000i\000l\000l\000a\000t\000o\000r}{subsection.3.3}% 19
\BOOKMARK [3][-]{subsubsection.3.3.5}{\376\377\0002\0002\000N\000a\000\040\000H\000a\000l\000b\000l\000e\000i\000t\000e\000r\000d\000e\000t\000e\000k\000t\000o\000r}{subsection.3.3}% 20
\BOOKMARK [3][-]{subsubsection.3.3.6}{\376\377\0006\0000\000C\000o\000\040\000H\000a\000l\000b\000l\000e\000i\000t\000e\000r\000d\000e\000t\000e\000k\000t\000o\000r}{subsection.3.3}% 21
\BOOKMARK [3][-]{subsubsection.3.3.7}{\376\377\0001\0003\0007\000C\000s\000\040\000H\000a\000l\000b\000l\000e\000i\000t\000e\000r\000d\000e\000t\000e\000k\000t\000o\000r}{subsection.3.3}% 22
\BOOKMARK [2][-]{subsection.3.4}{\376\377\000E\000r\000z\000\040\000H\000a\000l\000b\000l\000e\000i\000t\000e\000r\000d\000e\000t\000e\000k\000t\000o\000r}{section.3}% 23
\BOOKMARK [3][-]{subsubsection.3.4.1}{\376\377\000D\000i\000s\000k\000u\000s\000s\000i\000o\000n}{subsection.3.4}% 24
\BOOKMARK [2][-]{subsection.3.5}{\376\377\000D\000e\000t\000e\000k\000t\000o\000r\000e\000i\000g\000e\000n\000s\000c\000h\000a\000f\000t\000e\000n}{section.3}% 25
\BOOKMARK [3][-]{subsubsection.3.5.1}{\376\377\000R\000e\000l\000a\000t\000i\000v\000e\000\040\000A\000b\000w\000e\000i\000c\000h\000u\000n\000g\000\040\000v\000o\000n\000\040\000d\000e\000n\000\040\000R\000e\000f\000e\000r\000e\000n\000z\000w\000e\000r\000t\000e\000n\000.}{subsection.3.5}% 26
\BOOKMARK [3][-]{subsubsection.3.5.2}{\376\377\000E\000n\000e\000r\000g\000i\000e\000a\000u\000f\000l\000\366\000s\000u\000n\000g}{subsection.3.5}% 27
\BOOKMARK [3][-]{subsubsection.3.5.3}{\376\377\000M\000i\000t\000t\000l\000e\000r\000e\000\040\000I\000o\000n\000i\000s\000a\000t\000i\000o\000n\000s\000e\000n\000e\000r\000g\000i\000e}{subsection.3.5}% 28
\BOOKMARK [3][-]{subsubsection.3.5.4}{\376\377\000E\000f\000f\000i\000z\000i\000e\000n\000z}{subsection.3.5}% 29
\BOOKMARK [1][-]{section*.17}{\376\377\000L\000i\000t\000e\000r\000a\000t\000u\000r}{}% 30
