\BOOKMARK [1][-]{section.1}{\376\377\000A\000b\000s\000t\000r\000a\000c\000t}{}% 1
\BOOKMARK [1][-]{section.2}{\376\377\000T\000h\000e\000o\000r\000i\000e}{}% 2
\BOOKMARK [2][-]{subsection.2.1}{\376\377\000H\000i\000l\000f\000s\000e\000i\000n\000h\000e\000i\000t\000\040\000B\000e\000l}{section.2}% 3
\BOOKMARK [2][-]{subsection.2.2}{\376\377\000G\000r\000u\000n\000d\000l\000a\000g\000e\000n\000\040\000d\000e\000r\000\040\000L\000e\000i\000t\000u\000n\000g\000s\000t\000h\000e\000o\000r\000i\000e}{section.2}% 4
\BOOKMARK [3][-]{subsubsection.2.2.1}{\376\377\000S\000t\000a\000t\000i\000o\000n\000\344\000r\000e\000\040\000L\000e\000i\000t\000u\000n\000g\000s\000g\000l\000e\000i\000c\000h\000u\000n\000g\000e\000n}{subsection.2.2}% 5
\BOOKMARK [3][-]{subsubsection.2.2.2}{\376\377\000W\000e\000l\000l\000e\000n\000w\000i\000d\000e\000r\000s\000t\000a\000n\000d}{subsection.2.2}% 6
\BOOKMARK [3][-]{subsubsection.2.2.3}{\376\377\000R\000e\000f\000l\000e\000x\000i\000o\000n\000s\000k\000o\000e\000f\000f\000i\000z\000i\000e\000n\000t}{subsection.2.2}% 7
\BOOKMARK [3][-]{subsubsection.2.2.4}{\376\377\000S\000t\000e\000h\000e\000n\000d\000e\000\040\000W\000e\000l\000l\000e\000n}{subsection.2.2}% 8
\BOOKMARK [3][-]{subsubsection.2.2.5}{\376\377\000M\000e\000h\000r\000f\000a\000c\000h\000r\000e\000f\000l\000e\000x\000i\000o\000n}{subsection.2.2}% 9
\BOOKMARK [1][-]{section.3}{\376\377\000M\000e\000t\000h\000o\000d\000e\000n\000\040\000u\000n\000d\000\040\000D\000u\000r\000c\000h\000f\000\374\000h\000r\000u\000n\000g}{}% 10
\BOOKMARK [2][-]{subsection.3.1}{\376\377\000K\000e\000n\000n\000l\000i\000n\000i\000e}{section.3}% 11
\BOOKMARK [2][-]{subsection.3.2}{\376\377\000Z\000i\000r\000k\000u\000l\000a\000t\000o\000r}{section.3}% 12
\BOOKMARK [2][-]{subsection.3.3}{\376\377\000I\000s\000o\000l\000a\000t\000o\000r}{section.3}% 13
\BOOKMARK [2][-]{subsection.3.4}{\376\377\000R\000i\000c\000h\000t\000k\000o\000p\000p\000l\000e\000r}{section.3}% 14
\BOOKMARK [2][-]{subsection.3.5}{\376\377\000A\000u\000s\000b\000r\000e\000i\000t\000u\000n\000g\000s\000g\000e\000s\000c\000h\000w\000i\000n\000d\000i\000g\000k\000e\000i\000t\000\040\000u\000n\000d\000\040\000r\000e\000l\000a\000t\000i\000v\000e\000\040\000P\000e\000r\000m\000i\000t\000t\000i\000v\000i\000t\000\344\000t}{section.3}% 15
\BOOKMARK [1][-]{section.4}{\376\377\000A\000u\000s\000w\000e\000r\000t\000u\000n\000g}{}% 16
\BOOKMARK [2][-]{subsection.4.1}{\376\377\000K\000e\000n\000n\000l\000i\000n\000i\000e}{section.4}% 17
\BOOKMARK [2][-]{subsection.4.2}{\376\377\000B\000a\000u\000t\000e\000i\000l\000e\000\040\000d\000e\000r\000\040\000H\000o\000c\000h\000f\000r\000e\000q\000u\000e\000n\000z\000t\000e\000c\000h\000n\000i\000k}{section.4}% 18
\BOOKMARK [3][-]{subsubsection.4.2.1}{\376\377\000I\000s\000o\000l\000a\000t\000o\000r}{subsection.4.2}% 19
\BOOKMARK [3][-]{subsubsection.4.2.2}{\376\377\000R\000i\000c\000h\000t\000k\000o\000p\000p\000l\000e\000r}{subsection.4.2}% 20
\BOOKMARK [3][-]{subsubsection.4.2.3}{\376\377\000Z\000i\000r\000k\000u\000l\000a\000t\000o\000r}{subsection.4.2}% 21
\BOOKMARK [2][-]{subsection.4.3}{\376\377\000A\000u\000s\000b\000r\000e\000i\000t\000u\000n\000g\000s\000g\000e\000s\000c\000h\000w\000i\000n\000d\000i\000g\000k\000e\000i\000t\000\040\000u\000n\000d\000\040\000r\000e\000l\000a\000t\000i\000v\000e\000\040\000P\000e\000r\000m\000i\000t\000t\000i\000v\000i\000t\000\344\000t}{section.4}% 22
\BOOKMARK [1][-]{section.5}{\376\377\000D\000i\000s\000k\000u\000s\000s\000i\000o\000n}{}% 23
\BOOKMARK [1][-]{section*.13}{\376\377\000L\000i\000t\000e\000r\000a\000t\000u\000r}{}% 24
