\BOOKMARK [1][-]{section.1}{\376\377\000L\000C\000-\000M\000o\000d\000u\000l\000a\000t\000o\000r\000\040\000a\000l\000s\000\040\000D\000O\000E}{}% 1
\BOOKMARK [2][-]{subsection.1.1}{\376\377\000B\000e\000r\000e\000c\000h\000n\000u\000n\000g\000\040\000d\000e\000r\000\040\000P\000i\000x\000e\000l\000g\000r\000\366\000\337\000e}{section.1}% 2
\BOOKMARK [3][-]{subsubsection.1.1.1}{\376\377\000T\000h\000e\000o\000r\000i\000e}{subsection.1.1}% 3
\BOOKMARK [3][-]{subsubsection.1.1.2}{\376\377\000A\000u\000f\000b\000a\000u}{subsection.1.1}% 4
\BOOKMARK [3][-]{subsubsection.1.1.3}{\376\377\000A\000u\000s\000w\000e\000r\000t\000u\000n\000g}{subsection.1.1}% 5
\BOOKMARK [3][-]{subsubsection.1.1.4}{\376\377\000U\000n\000s\000i\000c\000h\000e\000r\000h\000e\000i\000t\000e\000n}{subsection.1.1}% 6
\BOOKMARK [3][-]{subsubsection.1.1.5}{\376\377\000D\000i\000s\000k\000u\000s\000s\000i\000o\000n}{subsection.1.1}% 7
\BOOKMARK [2][-]{subsection.1.2}{\376\377\000I\000n\000t\000e\000n\000s\000i\000t\000\344\000t\000s\000v\000e\000r\000t\000e\000i\000l\000u\000n\000g\000\040\000i\000n\000\040\000d\000e\000n\000\040\000B\000e\000u\000g\000u\000n\000g\000s\000o\000r\000d\000n\000u\000n\000g\000e\000n\000\040\000d\000e\000s\000\040\000u\000n\000a\000d\000r\000e\000s\000s\000i\000e\000r\000t\000e\000n\000\040\000D\000i\000s\000p\000l\000a\000y\000s}{section.1}% 8
\BOOKMARK [3][-]{subsubsection.1.2.1}{\376\377\000T\000h\000e\000o\000r\000i\000e}{subsection.1.2}% 9
\BOOKMARK [3][-]{subsubsection.1.2.2}{\376\377\000A\000u\000f\000b\000a\000u}{subsection.1.2}% 10
\BOOKMARK [3][-]{subsubsection.1.2.3}{\376\377\000A\000u\000s\000w\000e\000r\000t\000u\000n\000g}{subsection.1.2}% 11
\BOOKMARK [1][-]{section.2}{\376\377\000U\000n\000s\000i\000c\000h\000e\000r\000h\000e\000i\000t\000e\000n}{}% 12
\BOOKMARK [1][-]{section.3}{\376\377\000D\000i\000s\000k\000u\000s\000s\000i\000o\000n}{}% 13
\BOOKMARK [2][-]{subsection.3.1}{\376\377\000A\000u\000f\000n\000a\000h\000m\000e\000\040\000v\000o\000n\000\040\000v\000e\000r\000s\000c\000h\000i\000e\000d\000e\000n\000e\000n\000\040\000B\000e\000u\000g\000u\000n\000g\000s\000b\000i\000l\000d\000e\000r\000n\000\040\000m\000i\000t\000t\000e\000l\000s\000\040\000d\000e\000r\000\040\000K\000a\000m\000e\000r\000a}{section.3}% 14
\BOOKMARK [3][-]{subsubsection.3.1.1}{\376\377\000T\000h\000e\000o\000r\000i\000e}{subsection.3.1}% 15
\BOOKMARK [3][-]{subsubsection.3.1.2}{\376\377\000A\000u\000f\000b\000a\000u}{subsection.3.1}% 16
\BOOKMARK [3][-]{subsubsection.3.1.3}{\376\377\000A\000u\000s\000w\000e\000r\000t\000u\000n\000g}{subsection.3.1}% 17
\BOOKMARK [3][-]{subsubsection.3.1.4}{\376\377\000U\000n\000s\000i\000c\000h\000e\000r\000h\000e\000i\000t\000e\000n}{subsection.3.1}% 18
\BOOKMARK [3][-]{subsubsection.3.1.5}{\376\377\000D\000i\000s\000k\000u\000s\000s\000i\000o\000n}{subsection.3.1}% 19
\BOOKMARK [1][-]{section.4}{\376\377\000C\000o\000m\000p\000u\000t\000e\000r\000g\000e\000n\000e\000r\000i\000e\000r\000t\000e\000\040\000H\000o\000l\000o\000g\000r\000a\000m\000m\000e\000\040\000\050\000C\000G\000H\000\051}{}% 20
\BOOKMARK [2][-]{subsection.4.1}{\376\377\000B\000r\000e\000n\000n\000w\000e\000i\000t\000e\000\040\000d\000e\000r\000\040\000d\000i\000f\000f\000r\000a\000k\000t\000i\000v\000e\000n\000\040\000L\000i\000n\000s\000e}{section.4}% 21
\BOOKMARK [2][-]{subsection.4.2}{\376\377\000B\000e\000r\000e\000c\000h\000n\000u\000n\000g\000\040\000b\000e\000l\000i\000e\000b\000i\000g\000e\000r\000\040\000d\000i\000f\000f\000r\000a\000k\000t\000i\000v\000e\000r\000\040\000o\000p\000t\000i\000s\000c\000h\000e\000r\000\040\000E\000l\000e\000m\000e\000n\000t\000e\000\040\000a\000l\000s\000\040\000C\000G\000H}{section.4}% 22
\BOOKMARK [2][-]{subsection.4.3}{\376\377\000D\000a\000r\000s\000t\000e\000l\000l\000u\000n\000g\000\040\000z\000w\000e\000i\000e\000r\000\040\000D\000O\000E\000s\000\040\000a\000u\000f\000\040\000e\000i\000n\000e\000m\000\040\000B\000i\000l\000d\000s\000c\000h\000i\000r\000m}{section.4}% 23
\BOOKMARK [1][-]{appendix.A}{\376\377\000A\000n\000h\000a\000n\000g}{}% 24
